<?xml version="1.0" encoding="UTF-8"?>
<!-- Generated by org.testng.reporters.JUnitXMLReporter -->
<testsuite ignored="2" hostname="DESKTOP-EPJ72US" failures="0" tests="1" name="Default test" time="0.989" errors="0" timestamp="16 Oct 2020 12:07:13 GMT">
  <testcase classname="com.crm.qa.testcases.ContactsPageTest" name="validateCreateNewContact" time="0.0">
    <skipped/>
  </testcase> <!-- validateCreateNewContact -->
  <testcase classname="com.crm.qa.testcases.ContactsPageTest" name="verifyContactPageLabel" time="0.0">
    <ignored/>
  </testcase> <!-- verifyContactPageLabel -->
  <testcase classname="com.crm.qa.testcases.ContactsPageTest" name="CreateNewContact" time="0.0">
    <ignored/>
  </testcase> <!-- CreateNewContact -->
</testsuite> <!-- Default test -->
