<?xml version="1.0" encoding="UTF-8"?>
<testng-results ignored="0" total="5" passed="5" failed="0" skipped="0">
  <reporter-output>
  </reporter-output>
  <suite started-at="2020-11-02T18:23:16Z" name="Free CRM POM Automation" finished-at="2020-11-02T18:24:09Z" duration-ms="52886">
    <groups>
    </groups>
    <test started-at="2020-11-02T18:23:16Z" name="Free CRM App Test Cases" finished-at="2020-11-02T18:24:09Z" duration-ms="52886">
      <class name="com.crm.qa.testcases.HomePageTest">
        <test-method is-config="true" signature="setUp()[pri:0, instance:com.crm.qa.testcases.HomePageTest@5ef5c734]" started-at="2020-11-02T18:23:26Z" name="setUp" finished-at="2020-11-02T18:23:35Z" duration-ms="9378" status="PASS">
          <reporter-output>
          </reporter-output>
        </test-method> <!-- setUp -->
        <test-method signature="verifyHomePageTitleTest()[pri:1, instance:com.crm.qa.testcases.HomePageTest@5ef5c734]" started-at="2020-11-02T18:23:35Z" name="verifyHomePageTitleTest" finished-at="2020-11-02T18:23:35Z" duration-ms="19" status="PASS">
          <reporter-output>
          </reporter-output>
        </test-method> <!-- verifyHomePageTitleTest -->
        <test-method is-config="true" signature="tearDown()[pri:0, instance:com.crm.qa.testcases.HomePageTest@5ef5c734]" started-at="2020-11-02T18:23:35Z" name="tearDown" finished-at="2020-11-02T18:23:37Z" duration-ms="1690" status="PASS">
          <reporter-output>
          </reporter-output>
        </test-method> <!-- tearDown -->
        <test-method is-config="true" signature="setUp()[pri:0, instance:com.crm.qa.testcases.HomePageTest@5ef5c734]" started-at="2020-11-02T18:23:47Z" name="setUp" finished-at="2020-11-02T18:23:56Z" duration-ms="8865" status="PASS">
          <reporter-output>
          </reporter-output>
        </test-method> <!-- setUp -->
        <test-method signature="verifyDisplayNameTest()[pri:2, instance:com.crm.qa.testcases.HomePageTest@5ef5c734]" started-at="2020-11-02T18:23:56Z" name="verifyDisplayNameTest" finished-at="2020-11-02T18:23:57Z" duration-ms="1189" status="PASS">
          <reporter-output>
          </reporter-output>
        </test-method> <!-- verifyDisplayNameTest -->
        <test-method is-config="true" signature="tearDown()[pri:0, instance:com.crm.qa.testcases.HomePageTest@5ef5c734]" started-at="2020-11-02T18:23:57Z" name="tearDown" finished-at="2020-11-02T18:23:58Z" duration-ms="751" status="PASS">
          <reporter-output>
          </reporter-output>
        </test-method> <!-- tearDown -->
        <test-method is-config="true" signature="setUp()[pri:0, instance:com.crm.qa.testcases.HomePageTest@5ef5c734]" started-at="2020-11-02T18:23:58Z" name="setUp" finished-at="2020-11-02T18:24:07Z" duration-ms="9080" status="PASS">
          <reporter-output>
          </reporter-output>
        </test-method> <!-- setUp -->
        <test-method signature="verifyContactsTabTest()[pri:3, instance:com.crm.qa.testcases.HomePageTest@5ef5c734]" started-at="2020-11-02T18:24:07Z" name="verifyContactsTabTest" finished-at="2020-11-02T18:24:08Z" duration-ms="1111" status="PASS">
          <reporter-output>
          </reporter-output>
        </test-method> <!-- verifyContactsTabTest -->
        <test-method is-config="true" signature="tearDown()[pri:0, instance:com.crm.qa.testcases.HomePageTest@5ef5c734]" started-at="2020-11-02T18:24:08Z" name="tearDown" finished-at="2020-11-02T18:24:09Z" duration-ms="711" status="PASS">
          <reporter-output>
          </reporter-output>
        </test-method> <!-- tearDown -->
      </class> <!-- com.crm.qa.testcases.HomePageTest -->
      <class name="com.crm.qa.testcases.LoginPageTest">
        <test-method is-config="true" signature="setUp()[pri:0, instance:com.crm.qa.testcases.LoginPageTest@16eccb2e]" started-at="2020-11-02T18:23:16Z" name="setUp" finished-at="2020-11-02T18:23:25Z" duration-ms="8928" status="PASS">
          <reporter-output>
          </reporter-output>
        </test-method> <!-- setUp -->
        <test-method signature="loginPageTitleTest()[pri:1, instance:com.crm.qa.testcases.LoginPageTest@16eccb2e]" started-at="2020-11-02T18:23:25Z" name="loginPageTitleTest" finished-at="2020-11-02T18:23:25Z" duration-ms="95" status="PASS">
          <reporter-output>
          </reporter-output>
        </test-method> <!-- loginPageTitleTest -->
        <test-method is-config="true" signature="tearDown()[pri:0, instance:com.crm.qa.testcases.LoginPageTest@16eccb2e]" started-at="2020-11-02T18:23:25Z" name="tearDown" finished-at="2020-11-02T18:23:26Z" duration-ms="729" status="PASS">
          <reporter-output>
          </reporter-output>
        </test-method> <!-- tearDown -->
        <test-method is-config="true" signature="setUp()[pri:0, instance:com.crm.qa.testcases.LoginPageTest@16eccb2e]" started-at="2020-11-02T18:23:37Z" name="setUp" finished-at="2020-11-02T18:23:46Z" duration-ms="8860" status="PASS">
          <reporter-output>
          </reporter-output>
        </test-method> <!-- setUp -->
        <test-method signature="loginTest()[pri:2, instance:com.crm.qa.testcases.LoginPageTest@16eccb2e]" started-at="2020-11-02T18:23:46Z" name="loginTest" finished-at="2020-11-02T18:23:46Z" duration-ms="447" status="PASS">
          <reporter-output>
          </reporter-output>
        </test-method> <!-- loginTest -->
        <test-method is-config="true" signature="tearDown()[pri:0, instance:com.crm.qa.testcases.LoginPageTest@16eccb2e]" started-at="2020-11-02T18:23:46Z" name="tearDown" finished-at="2020-11-02T18:23:47Z" duration-ms="744" status="PASS">
          <reporter-output>
          </reporter-output>
        </test-method> <!-- tearDown -->
      </class> <!-- com.crm.qa.testcases.LoginPageTest -->
    </test> <!-- Free CRM App Test Cases -->
  </suite> <!-- Free CRM POM Automation -->
</testng-results>
