<?xml version="1.0" encoding="UTF-8"?>
<!-- Generated by org.testng.reporters.JUnitXMLReporter -->
<testsuite ignored="0" hostname="DESKTOP-EPJ72US" failures="0" tests="5" name="Free CRM App Test Cases" time="52.886" errors="0" timestamp="02 Nov 2020 18:24:09 GMT">
  <testcase classname="com.crm.qa.testcases.LoginPageTest" name="loginPageTitleTest" time="0.095"/>
  <testcase classname="com.crm.qa.testcases.HomePageTest" name="verifyHomePageTitleTest" time="0.019"/>
  <testcase classname="com.crm.qa.testcases.LoginPageTest" name="loginTest" time="0.447"/>
  <testcase classname="com.crm.qa.testcases.HomePageTest" name="verifyDisplayNameTest" time="1.189"/>
  <testcase classname="com.crm.qa.testcases.HomePageTest" name="verifyContactsTabTest" time="1.111"/>
</testsuite> <!-- Free CRM App Test Cases -->
