<?xml version="1.0" encoding="UTF-8"?>
<!-- Generated by org.testng.reporters.JUnitXMLReporter -->
<testsuite ignored="0" hostname="DESKTOP-EPJ72US" failures="0" tests="6" name="Free CRM App Test Cases" time="76.152" errors="0" timestamp="11 Oct 2020 10:49:21 GMT">
  <testcase classname="com.crm.qa.testcases.LoginPageTest" name="loginPageTitleTest" time="0.11"/>
  <testcase classname="com.crm.qa.testcases.HomePageTest" name="verifyHomePageTitleTest" time="0.023"/>
  <testcase classname="com.crm.qa.testcases.ContactsPageTest" name="verifyContactPageLabel" time="0.248"/>
  <testcase classname="com.crm.qa.testcases.LoginPageTest" name="loginTest" time="0.423"/>
  <testcase classname="com.crm.qa.testcases.HomePageTest" name="verifyDisplayNameTest" time="1.906"/>
  <testcase classname="com.crm.qa.testcases.HomePageTest" name="verifyContactsTabTest" time="2.974"/>
</testsuite> <!-- Free CRM App Test Cases -->
